<?xml version="1.0" encoding="UTF-8"?>
<testsuite name="AnimalTest" tests="5" skipped="0" failures="0" errors="0" timestamp="2022-10-25T19:02:49" hostname="MacBook-Pro-3.local" time="0.062">
  <properties/>
  <testcase name="testOrientation()" classname="AnimalTest" time="0.049"/>
  <testcase name="tesIsAt()" classname="AnimalTest" time="0.001"/>
  <testcase name="testDataParse()" classname="AnimalTest" time="0.002"/>
  <testcase name="testMapLimitation()" classname="AnimalTest" time="0.002"/>
  <testcase name="testPosition()" classname="AnimalTest" time="0.001"/>
  <system-out><![CDATA[Position: (2, 2), orientation: Północ
Position: (2, 2), orientation: Północ
Position: (4, 0), orientation: Północ
Position: (0, 4), orientation: Południe
]]></system-out>
  <system-err><![CDATA[]]></system-err>
</testsuite>
