<?xml version="1.0" encoding="UTF-8"?>
<testsuite name="GrassFieldTest" tests="4" skipped="0" failures="0" errors="0" timestamp="2022-11-09T20:35:10" hostname="MacBook-Pro-3.local" time="0.057">
  <properties/>
  <testcase name="testPlace()" classname="GrassFieldTest" time="0.042"/>
  <testcase name="testIsOccupied()" classname="GrassFieldTest" time="0.001"/>
  <testcase name="testCanMoveTo()" classname="GrassFieldTest" time="0.002"/>
  <testcase name="testObjectAt()" classname="GrassFieldTest" time="0.004"/>
  <system-out><![CDATA[]]></system-out>
  <system-err><![CDATA[]]></system-err>
</testsuite>
