<?xml version="1.0" encoding="UTF-8"?>
<testsuite name="SimulationEngineTest" tests="1" skipped="0" failures="0" errors="0" timestamp="2022-11-16T08:04:00" hostname="MacBook-Pro-3.local" time="0.278">
  <properties/>
  <testcase name="testRun()" classname="SimulationEngineTest" time="0.278"/>
  <system-out><![CDATA[2
 y\x  0 1 2 3 4 5
  7: -------------
  6: | | | |*| | |
  5: | | | | | | |
  4: |*|*| |N| | |
  3: | | |N| | |*|
  2: | | | | | | |
  1: | | | | | | |
  0: | |*| | | | |
 -1: -------------

 y\x  0 1 2 3 4 5
  7: -------------
  6: | | | |*| | |
  5: | | | | | | |
  4: |*|*| | | | |
  3: | | |N|N| |*|
  2: | | | | | | |
  1: | | | | | | |
  0: | |*| | | | |
 -1: -------------

 y\x  0 1 2 3 4 5
  7: -------------
  6: | | | |*| | |
  5: | | | | | | |
  4: |*|*| | | | |
  3: | | |E|N| |*|
  2: | | | | | | |
  1: | | | | | | |
  0: | |*| | | | |
 -1: -------------

 y\x  0 1 2 3 4 5
  7: -------------
  6: | | | |*| | |
  5: | | | | | | |
  4: |*|*| | | | |
  3: | | |E|W| |*|
  2: | | | | | | |
  1: | | | | | | |
  0: | |*| | | | |
 -1: -------------

 y\x  0 1 2 3 4 5
  7: -------------
  6: | | | |*| | |
  5: | | | | | | |
  4: |*|*| | | | |
  3: | | |E|W| |*|
  2: | | | | | | |
  1: | | | | | | |
  0: | |*| | | | |
 -1: -------------

 y\x  0 1 2 3 4 5
  7: -------------
  6: | | | |*| | |
  5: | | | | | | |
  4: |*|*| | | | |
  3: | | |E|W| |*|
  2: | | | | | | |
  1: | | | | | | |
  0: | |*| | | | |
 -1: -------------

 y\x  0 1 2 3 4 5
  7: -------------
  6: | | | |*| | |
  5: | | | | | | |
  4: |*|*| | | | |
  3: | | |S|W| |*|
  2: | | | | | | |
  1: | | | | | | |
  0: | |*| | | | |
 -1: -------------

 y\x  0 1 2 3 4 5
  7: -------------
  6: | | | |*| | |
  5: | | | | | | |
  4: |*|*| | | | |
  3: | | |S|N| |*|
  2: | | | | | | |
  1: | | | | | | |
  0: | |*| | | | |
 -1: -------------

 y\x  0 1 2 3 4 5
  7: -------------
  6: | | | |*| | |
  5: | | | | | | |
  4: |*|*| | | | |
  3: | | | |N| |*|
  2: | | |S| | | |
  1: | | | | | | |
  0: | |*| | | | |
 -1: -------------

 y\x  0 1 2 3 4 5
  7: -------------
  6: | | | |*| | |
  5: | | | | | | |
  4: |*|*| |N| | |
  3: | | | | | |*|
  2: | | |S| | | |
  1: | | | | | | |
  0: | |*| | | | |
 -1: -------------

 y\x  0 1 2 3 4 5
  7: -------------
  6: | | | |*| | |
  5: | | | | | | |
  4: |*|*| |N| | |
  3: | | | | | |*|
  2: | | | | | | |
  1: | | |S| | | |
  0: | |*| | | | |
 -1: -------------

 y\x  0 1 2 3 4 5
  7: -------------
  6: | | | |*| | |
  5: | | | |N| | |
  4: |*|*| | | | |
  3: | | | | | |*|
  2: | | | | | | |
  1: | | |S| | | |
  0: | |*| | | | |
 -1: -------------

 y\x  0 1 2 3 4 5
  7: -------------
  6: | | | |*| | |
  5: | | | |N| | |
  4: |*|*| | | | |
  3: | | | | | |*|
  2: | | | | | | |
  1: | | | | | | |
  0: | |*|S| | | |
 -1: -------------

 y\x  0 1 2 3 4 5
  7: -------------
  6: | | | |N| | |
  5: | | | | | | |
  4: |*|*| | | | |
  3: | | | | | |*|
  2: | | | | | | |
  1: | | | | | | |
  0: | |*|S|*| | |
 -1: -------------

 y\x  0 1 2 3 4 5
  7: -------------
  6: | | | |N| | |
  5: | | | | | | |
  4: |*|*| | | | |
  3: | | | | | |*|
  2: | | | | | | |
  1: | | | | | | |
  0: | |*| |*| | |
 -1: | | |S| | | |
 -2: -------------

 y\x  0 1 2 3 4 5
  8: -------------
  7: | | | |N| | |
  6: | | | | | | |
  5: | | | | | | |
  4: |*|*| | | | |
  3: | | | | | |*|
  2: | | | | | | |
  1: | | | | | | |
  0: | |*| |*| | |
 -1: | | |S| | | |
 -2: -------------

2
 y\x  0 1 2 3 4 5 6 7 8 9
  5: ---------------------
  4: | | | |N| | | | | | |
  3: | | | | | | | | | | |
  2: | | |E| | | | | | | |
  1: | | | | | | | | | | |
  0: | | | | | | | | | | |
 -1: ---------------------

 y\x  0 1 2 3 4 5 6 7 8 9
  5: ---------------------
  4: | | | |W| | | | | | |
  3: | | | | | | | | | | |
  2: | | |E| | | | | | | |
  1: | | | | | | | | | | |
  0: | | | | | | | | | | |
 -1: ---------------------

 y\x  0 1 2 3 4 5 6 7 8 9
  5: ---------------------
  4: | | | |W| | | | | | |
  3: | | | | | | | | | | |
  2: | | | |E| | | | | | |
  1: | | | | | | | | | | |
  0: | | | | | | | | | | |
 -1: ---------------------

 y\x  0 1 2 3 4 5 6 7 8 9
  5: ---------------------
  4: | | |W| | | | | | | |
  3: | | | | | | | | | | |
  2: | | | |E| | | | | | |
  1: | | | | | | | | | | |
  0: | | | | | | | | | | |
 -1: ---------------------

 y\x  0 1 2 3 4 5 6 7 8 9
  5: ---------------------
  4: | | |W| | | | | | | |
  3: | | | | | | | | | | |
  2: | | | | |E| | | | | |
  1: | | | | | | | | | | |
  0: | | | | | | | | | | |
 -1: ---------------------

 y\x  0 1 2 3 4 5 6 7 8 9
  5: ---------------------
  4: | |W| | | | | | | | |
  3: | | | | | | | | | | |
  2: | | | | |E| | | | | |
  1: | | | | | | | | | | |
  0: | | | | | | | | | | |
 -1: ---------------------

 y\x  0 1 2 3 4 5 6 7 8 9
  5: ---------------------
  4: | |W| | | | | | | | |
  3: | | | | | | | | | | |
  2: | | | | | |E| | | | |
  1: | | | | | | | | | | |
  0: | | | | | | | | | | |
 -1: ---------------------

 y\x  0 1 2 3 4 5 6 7 8 9
  5: ---------------------
  4: |W| | | | | | | | | |
  3: | | | | | | | | | | |
  2: | | | | | |E| | | | |
  1: | | | | | | | | | | |
  0: | | | | | | | | | | |
 -1: ---------------------

 y\x  0 1 2 3 4 5 6 7 8 9
  5: ---------------------
  4: |W| | | | | | | | | |
  3: | | | | | | | | | | |
  2: | | | | | | |E| | | |
  1: | | | | | | | | | | |
  0: | | | | | | | | | | |
 -1: ---------------------

 y\x  0 1 2 3 4 5 6 7 8 9
  5: ---------------------
  4: |W| | | | | | | | | |
  3: | | | | | | | | | | |
  2: | | | | | | |E| | | |
  1: | | | | | | | | | | |
  0: | | | | | | | | | | |
 -1: ---------------------

 y\x  0 1 2 3 4 5 6 7 8 9
  5: ---------------------
  4: |W| | | | | | | | | |
  3: | | | | | | | | | | |
  2: | | | | | | | |E| | |
  1: | | | | | | | | | | |
  0: | | | | | | | | | | |
 -1: ---------------------

 y\x  0 1 2 3 4 5 6 7 8 9
  5: ---------------------
  4: |W| | | | | | | | | |
  3: | | | | | | | | | | |
  2: | | | | | | | |E| | |
  1: | | | | | | | | | | |
  0: | | | | | | | | | | |
 -1: ---------------------

 y\x  0 1 2 3 4 5 6 7 8 9
  5: ---------------------
  4: |W| | | | | | | | | |
  3: | | | | | | | | | | |
  2: | | | | | | | | |E| |
  1: | | | | | | | | | | |
  0: | | | | | | | | | | |
 -1: ---------------------

 y\x  0 1 2 3 4 5 6 7 8 9
  5: ---------------------
  4: |W| | | | | | | | | |
  3: | | | | | | | | | | |
  2: | | | | | | | | |E| |
  1: | | | | | | | | | | |
  0: | | | | | | | | | | |
 -1: ---------------------

 y\x  0 1 2 3 4 5 6 7 8 9
  5: ---------------------
  4: |W| | | | | | | | | |
  3: | | | | | | | | | | |
  2: | | | | | | | | | |E|
  1: | | | | | | | | | | |
  0: | | | | | | | | | | |
 -1: ---------------------

 y\x  0 1 2 3 4 5 6 7 8 9
  5: ---------------------
  4: |W| | | | | | | | | |
  3: | | | | | | | | | | |
  2: | | | | | | | | | |E|
  1: | | | | | | | | | | |
  0: | | | | | | | | | | |
 -1: ---------------------

]]></system-out>
  <system-err><![CDATA[]]></system-err>
</testsuite>
