<?xml version="1.0" encoding="UTF-8"?>
<testsuite name="SimulationEngineTest" tests="1" skipped="0" failures="0" errors="0" timestamp="2022-11-22T21:59:44" hostname="MacBook-Pro-3.local" time="0.316">
  <properties/>
  <testcase name="testRun()" classname="SimulationEngineTest" time="0.316"/>
  <system-out><![CDATA[(2, 2)
(3, 4)
2
 y\x  2 3
  5: -----
  4: | |N|
  3: |N|*|
  2: | | |
  1: -----

 y\x  2 3
  5: -----
  4: | | |
  3: |N|N|
  2: | | |
  1: -----

 y\x  2 3
  5: -----
  4: | | |
  3: |E|N|
  2: | | |
  1: -----

 y\x  2 3
  5: -----
  4: | | |
  3: |E|W|
  2: | | |
  1: -----

 y\x  2 3
  5: -----
  4: | | |
  3: |E|W|
  2: | | |
  1: -----

 y\x  2 3
  5: -----
  4: | | |
  3: |E|W|
  2: | | |
  1: -----

 y\x  2 3
  5: -----
  4: | | |
  3: |S|W|
  2: | | |
  1: -----

 y\x  2 3
  5: -----
  4: | | |
  3: |S|N|
  2: | | |
  1: -----

 y\x  2 3
  5: -----
  4: | | |
  3: | |N|
  2: |S| |
  1: -----

 y\x  2 3
  5: -----
  4: | |N|
  3: | | |
  2: |S| |
  1: -----

 y\x  2 3
  5: -----
  4: | |N|
  3: | | |
  2: | | |
  1: -----

 y\x  2 3
  5: -----
  4: | | |
  3: | | |
  2: | | |
  1: -----

 y\x  2 3
  5: -----
  4: | | |
  3: | | |
  2: | | |
  1: -----

 y\x  2 3
  5: -----
  4: | | |
  3: | | |
  2: | | |
  1: -----

 y\x  2 3
  5: -----
  4: | | |
  3: | | |
  2: | | |
  1: -----

 y\x  2 3
  5: -----
  4: | | |
  3: | | |
  2: | | |
  1: -----

(2, 2)
(3, 4)
2
 y\x  0 1 2 3 4 5 6 7 8 9
  5: ---------------------
  4: | | | |N| | | | | | |
  3: | | | | | | | | | | |
  2: | | |E| | | | | | | |
  1: | | | | | | | | | | |
  0: | | | | | | | | | | |
 -1: ---------------------

 y\x  0 1 2 3 4 5 6 7 8 9
  5: ---------------------
  4: | | | |W| | | | | | |
  3: | | | | | | | | | | |
  2: | | |E| | | | | | | |
  1: | | | | | | | | | | |
  0: | | | | | | | | | | |
 -1: ---------------------

 y\x  0 1 2 3 4 5 6 7 8 9
  5: ---------------------
  4: | | | |W| | | | | | |
  3: | | | | | | | | | | |
  2: | | | |E| | | | | | |
  1: | | | | | | | | | | |
  0: | | | | | | | | | | |
 -1: ---------------------

 y\x  0 1 2 3 4 5 6 7 8 9
  5: ---------------------
  4: | | |W| | | | | | | |
  3: | | | | | | | | | | |
  2: | | | |E| | | | | | |
  1: | | | | | | | | | | |
  0: | | | | | | | | | | |
 -1: ---------------------

 y\x  0 1 2 3 4 5 6 7 8 9
  5: ---------------------
  4: | | |W| | | | | | | |
  3: | | | | | | | | | | |
  2: | | | | |E| | | | | |
  1: | | | | | | | | | | |
  0: | | | | | | | | | | |
 -1: ---------------------

 y\x  0 1 2 3 4 5 6 7 8 9
  5: ---------------------
  4: | |W| | | | | | | | |
  3: | | | | | | | | | | |
  2: | | | | |E| | | | | |
  1: | | | | | | | | | | |
  0: | | | | | | | | | | |
 -1: ---------------------

 y\x  0 1 2 3 4 5 6 7 8 9
  5: ---------------------
  4: | |W| | | | | | | | |
  3: | | | | | | | | | | |
  2: | | | | | |E| | | | |
  1: | | | | | | | | | | |
  0: | | | | | | | | | | |
 -1: ---------------------

 y\x  0 1 2 3 4 5 6 7 8 9
  5: ---------------------
  4: |W| | | | | | | | | |
  3: | | | | | | | | | | |
  2: | | | | | |E| | | | |
  1: | | | | | | | | | | |
  0: | | | | | | | | | | |
 -1: ---------------------

 y\x  0 1 2 3 4 5 6 7 8 9
  5: ---------------------
  4: |W| | | | | | | | | |
  3: | | | | | | | | | | |
  2: | | | | | | |E| | | |
  1: | | | | | | | | | | |
  0: | | | | | | | | | | |
 -1: ---------------------

 y\x  0 1 2 3 4 5 6 7 8 9
  5: ---------------------
  4: |W| | | | | | | | | |
  3: | | | | | | | | | | |
  2: | | | | | | |E| | | |
  1: | | | | | | | | | | |
  0: | | | | | | | | | | |
 -1: ---------------------

 y\x  0 1 2 3 4 5 6 7 8 9
  5: ---------------------
  4: |W| | | | | | | | | |
  3: | | | | | | | | | | |
  2: | | | | | | | |E| | |
  1: | | | | | | | | | | |
  0: | | | | | | | | | | |
 -1: ---------------------

 y\x  0 1 2 3 4 5 6 7 8 9
  5: ---------------------
  4: |W| | | | | | | | | |
  3: | | | | | | | | | | |
  2: | | | | | | | |E| | |
  1: | | | | | | | | | | |
  0: | | | | | | | | | | |
 -1: ---------------------

 y\x  0 1 2 3 4 5 6 7 8 9
  5: ---------------------
  4: |W| | | | | | | | | |
  3: | | | | | | | | | | |
  2: | | | | | | | | |E| |
  1: | | | | | | | | | | |
  0: | | | | | | | | | | |
 -1: ---------------------

 y\x  0 1 2 3 4 5 6 7 8 9
  5: ---------------------
  4: |W| | | | | | | | | |
  3: | | | | | | | | | | |
  2: | | | | | | | | |E| |
  1: | | | | | | | | | | |
  0: | | | | | | | | | | |
 -1: ---------------------

 y\x  0 1 2 3 4 5 6 7 8 9
  5: ---------------------
  4: |W| | | | | | | | | |
  3: | | | | | | | | | | |
  2: | | | | | | | | | |E|
  1: | | | | | | | | | | |
  0: | | | | | | | | | | |
 -1: ---------------------

 y\x  0 1 2 3 4 5 6 7 8 9
  5: ---------------------
  4: |W| | | | | | | | | |
  3: | | | | | | | | | | |
  2: | | | | | | | | | |E|
  1: | | | | | | | | | | |
  0: | | | | | | | | | | |
 -1: ---------------------

]]></system-out>
  <system-err><![CDATA[]]></system-err>
</testsuite>
