<?xml version="1.0" encoding="UTF-8"?>
<testsuite name="Vector2dTest" tests="9" skipped="0" failures="0" errors="0" timestamp="2022-10-16T11:43:43" hostname="MacBook-Pro.local" time="0.064">
  <properties/>
  <testcase name="testAdd()" classname="Vector2dTest" time="0.036"/>
  <testcase name="testSubtract()" classname="Vector2dTest" time="0.002"/>
  <testcase name="testLoweLeft()" classname="Vector2dTest" time="0.002"/>
  <testcase name="testFollows()" classname="Vector2dTest" time="0.002"/>
  <testcase name="testToString()" classname="Vector2dTest" time="0.002"/>
  <testcase name="testPrecedes()" classname="Vector2dTest" time="0.001"/>
  <testcase name="testOpposite()" classname="Vector2dTest" time="0.001"/>
  <testcase name="testEquals()" classname="Vector2dTest" time="0.001"/>
  <testcase name="testUpperRight()" classname="Vector2dTest" time="0.0"/>
  <system-out><![CDATA[]]></system-out>
  <system-err><![CDATA[]]></system-err>
</testsuite>
