<?xml version="1.0" encoding="UTF-8"?>
<testsuite name="GrassFieldTest" tests="4" skipped="0" failures="0" errors="0" timestamp="2022-11-24T12:29:36" hostname="MacBook-Pro-3.local" time="0.07">
  <properties/>
  <testcase name="testPlace()" classname="GrassFieldTest" time="0.058"/>
  <testcase name="testIsOccupied()" classname="GrassFieldTest" time="0.001"/>
  <testcase name="testCanMoveTo()" classname="GrassFieldTest" time="0.002"/>
  <testcase name="testObjectAt()" classname="GrassFieldTest" time="0.004"/>
  <system-out><![CDATA[(0, 0)
(1, 1)
(2, 2)
(0, 0)
(1, 1)
(2, 2)
(2, 2)
(0, 2)
(2, 0)
(20, 20)
(0, 0)
(4, 4)
(1000, 1000)
(-1000, -1000)
(0, 0)
(2, 2)
]]></system-out>
  <system-err><![CDATA[]]></system-err>
</testsuite>
